Using pre-set license
Built from '2020.2/staging' branch; Version is '2020.2.6f1 (8a2143876886) revision 9052483'; Using compiler version '192528614'; Build Type 'Release'
OS: 'Windows 10 Home; OS build 19042.1526; Version 2009; 64bit' Language: 'en' Physical Memory: 16257 MB
BatchMode: 1, IsHumanControllingUs: 0, StartBugReporterOnCrash: 0, Is64bit: 1, IsPro: 0

 COMMAND LINE ARGUMENTS:
C:\Program Files\Unity\Hub\Editor\2020.2.6f1\Editor\Unity.exe
-adb2
-batchMode
-noUpm
-name
AssetImportWorker0
-projectPath
C:/Users/darkb/Unity Projects/ui sTUFF
-logFile
Logs/AssetImportWorker0.log
-srvPort
58913
Successfully changed project path to: C:/Users/darkb/Unity Projects/ui sTUFF
C:/Users/darkb/Unity Projects/ui sTUFF
Using Asset Import Pipeline V2.
Refreshing native plugins compatible for Editor in 40.19 ms, found 0 plugins.
Preloading 0 native plugins for Editor in 0.00 ms.
Initialize engine version: 2020.2.6f1 (8a2143876886)
[Subsystems] Discovering subsystems at path C:/Program Files/Unity/Hub/Editor/2020.2.6f1/Editor/Data/Resources/UnitySubsystems
[Subsystems] Discovering subsystems at path C:/Users/darkb/Unity Projects/ui sTUFF/Assets
GfxDevice: creating device client; threaded=0
Direct3D:
    Version:  Direct3D 11.0 [level 11.1]
    Renderer: NVIDIA GeForce GTX 1050 Ti (ID=0x1c8c)
    Vendor:   
    VRAM:     4018 MB
    Driver:   27.21.14.5749
Initialize mono
Mono path[0] = 'C:/Program Files/Unity/Hub/Editor/2020.2.6f1/Editor/Data/Managed'
Mono path[1] = 'C:/Program Files/Unity/Hub/Editor/2020.2.6f1/Editor/Data/MonoBleedingEdge/lib/mono/unityjit'
Mono config path = 'C:/Program Files/Unity/Hub/Editor/2020.2.6f1/Editor/Data/MonoBleedingEdge/etc'
Using monoOptions --debugger-agent=transport=dt_socket,embedding=1,server=y,suspend=n,address=127.0.0.1:56480
Begin MonoManager ReloadAssembly
Registering precompiled unity dll's ...
Register platform support module: C:/Program Files/Unity/Hub/Editor/2020.2.6f1/Editor/Data/PlaybackEngines/WindowsStandaloneSupport/UnityEditor.WindowsStandalone.Extensions.dll
Registered in 0.002276 seconds.
Native extension for WindowsStandalone target not found
Refreshing native plugins compatible for Editor in 41.58 ms, found 0 plugins.
Preloading 0 native plugins for Editor in 0.00 ms.
Invoked RoslynAnalysisRunner static constructor.
RoslynAnalysisRunner will not be running.
RoslynAnalysisRunner has terminated.
Mono: successfully reloaded assembly
- Completed reload, in  1.130 seconds
Platform modules already initialized, skipping
Registering precompiled user dll's ...
Registered in 0.001506 seconds.
Begin MonoManager ReloadAssembly
Native extension for WindowsStandalone target not found
Refreshing native plugins compatible for Editor in 41.50 ms, found 0 plugins.
Preloading 0 native plugins for Editor in 0.00 ms.
Invoked RoslynAnalysisRunner static constructor.
RoslynAnalysisRunner will not be running.
RoslynAnalysisRunner has terminated.
Mono: successfully reloaded assembly
- Completed reload, in  0.943 seconds
Platform modules already initialized, skipping
========================================================================
Worker process is ready to serve import requests
Shader 'Universal Render Pipeline/Particles/Lit': fallback shader 'Universal Render Pipeline/Particles/SimpleLit' not found
Shader 'Universal Render Pipeline/Particles/Lit': fallback shader 'Universal Render Pipeline/Particles/SimpleLit' not found
Launched and connected shader compiler UnityShaderCompiler.exe after 0.05 seconds
Refreshing native plugins compatible for Editor in 0.38 ms, found 0 plugins.
Preloading 0 native plugins for Editor in 0.00 ms.
Unloading 2407 Unused Serialized files (Serialized files now loaded: 0)
System memory in use before: 110.5 MB.
System memory in use after: 108.3 MB.

Unloading 45 unused Assets to reduce memory usage. Loaded Objects now: 2812.
Total: 3.117500 ms (FindLiveObjects: 0.224000 ms CreateObjectMapping: 0.129400 ms MarkObjects: 1.585100 ms  DeleteObjects: 1.178000 ms)

========================================================================
Received Import Request.
  path: Assets/Readme.asset
  artifactKey: Guid(83c2ed844a8c74b779a4c823d16594b1) Importer(815301076,1909f56bfc062723c751e8b465ee728b)
Start importing Assets/Readme.asset using Guid(83c2ed844a8c74b779a4c823d16594b1) Importer(815301076,1909f56bfc062723c751e8b465ee728b)  -> (artifact id: 'f058cc4b09de2d41b5620f8d110ef2a9') in 0.090021 seconds
  Import took 0.093858 seconds .

========================================================================
Received Prepare
Registering precompiled user dll's ...
Registered in 0.001979 seconds.
Begin MonoManager ReloadAssembly
Native extension for WindowsStandalone target not found
Refreshing native plugins compatible for Editor in 0.59 ms, found 0 plugins.
Preloading 0 native plugins for Editor in 0.00 ms.
Invoked RoslynAnalysisRunner static constructor.
RoslynAnalysisRunner will not be running.
RoslynAnalysisRunner has terminated.
Mono: successfully reloaded assembly
- Completed reload, in  1.079 seconds
Platform modules already initialized, skipping
Shader 'Universal Render Pipeline/Particles/Lit': fallback shader 'Universal Render Pipeline/Particles/SimpleLit' not found
Shader 'Universal Render Pipeline/Particles/Lit': fallback shader 'Universal Render Pipeline/Particles/SimpleLit' not found
Refreshing native plugins compatible for Editor in 0.93 ms, found 0 plugins.
Preloading 0 native plugins for Editor in 0.00 ms.
Unloading 2332 Unused Serialized files (Serialized files now loaded: 0)
System memory in use before: 107.4 MB.
System memory in use after: 105.2 MB.

Unloading 40 unused Assets to reduce memory usage. Loaded Objects now: 2814.
Total: 5.542700 ms (FindLiveObjects: 0.675900 ms CreateObjectMapping: 0.261000 ms MarkObjects: 3.064200 ms  DeleteObjects: 1.539500 ms)

========================================================================
Received Import Request.
  Time since last request: 1595.546558 seconds.
  path: Assets
  artifactKey: Guid(00000000000000001000000000000000) Importer(815301076,1909f56bfc062723c751e8b465ee728b)
Start importing Assets using Guid(00000000000000001000000000000000) Importer(815301076,1909f56bfc062723c751e8b465ee728b)  -> (artifact id: 'f47cf443bddc682ac2de11ea429897ce') in 0.011617 seconds
  Import took 0.016458 seconds .

========================================================================
Received Import Request.
  Time since last request: 11.524121 seconds.
  path: Assets/MainMenuBehaviour.cs
  artifactKey: Guid(e0f81f55446ff214698e8e895a180a05) Importer(815301076,1909f56bfc062723c751e8b465ee728b)
Start importing Assets/MainMenuBehaviour.cs using Guid(e0f81f55446ff214698e8e895a180a05) Importer(815301076,1909f56bfc062723c751e8b465ee728b)  -> (artifact id: '6d0017a748a7df017d911f41026d2bd4') in 0.374472 seconds
  Import took 0.402760 seconds .

========================================================================
Received Prepare
Registering precompiled user dll's ...
Registered in 0.001406 seconds.
Begin MonoManager ReloadAssembly
Native extension for WindowsStandalone target not found
Refreshing native plugins compatible for Editor in 0.36 ms, found 0 plugins.
Preloading 0 native plugins for Editor in 0.00 ms.
Invoked RoslynAnalysisRunner static constructor.
RoslynAnalysisRunner will not be running.
RoslynAnalysisRunner has terminated.
Mono: successfully reloaded assembly
- Completed reload, in  0.830 seconds
Platform modules already initialized, skipping
Shader 'Universal Render Pipeline/Particles/Lit': fallback shader 'Universal Render Pipeline/Particles/SimpleLit' not found
Shader 'Universal Render Pipeline/Particles/Lit': fallback shader 'Universal Render Pipeline/Particles/SimpleLit' not found
Refreshing native plugins compatible for Editor in 0.36 ms, found 0 plugins.
Preloading 0 native plugins for Editor in 0.00 ms.
Unloading 2333 Unused Serialized files (Serialized files now loaded: 0)
System memory in use before: 107.5 MB.
System memory in use after: 105.3 MB.

Unloading 40 unused Assets to reduce memory usage. Loaded Objects now: 2817.
Total: 3.464700 ms (FindLiveObjects: 0.260600 ms CreateObjectMapping: 0.113200 ms MarkObjects: 1.786100 ms  DeleteObjects: 1.303900 ms)

========================================================================
Received Prepare
Registering precompiled user dll's ...
Registered in 0.001463 seconds.
Begin MonoManager ReloadAssembly
Native extension for WindowsStandalone target not found
Refreshing native plugins compatible for Editor in 0.38 ms, found 0 plugins.
Preloading 0 native plugins for Editor in 0.00 ms.
Invoked RoslynAnalysisRunner static constructor.
RoslynAnalysisRunner will not be running.
RoslynAnalysisRunner has terminated.
Mono: successfully reloaded assembly
- Completed reload, in  0.857 seconds
Platform modules already initialized, skipping
Shader 'Universal Render Pipeline/Particles/Lit': fallback shader 'Universal Render Pipeline/Particles/SimpleLit' not found
Shader 'Universal Render Pipeline/Particles/Lit': fallback shader 'Universal Render Pipeline/Particles/SimpleLit' not found
Refreshing native plugins compatible for Editor in 0.38 ms, found 0 plugins.
Preloading 0 native plugins for Editor in 0.00 ms.
Unloading 2333 Unused Serialized files (Serialized files now loaded: 0)
System memory in use before: 107.5 MB.
System memory in use after: 105.3 MB.

Unloading 40 unused Assets to reduce memory usage. Loaded Objects now: 2819.
Total: 3.568800 ms (FindLiveObjects: 0.232900 ms CreateObjectMapping: 0.110100 ms MarkObjects: 1.842200 ms  DeleteObjects: 1.381900 ms)

========================================================================
Received Import Request.
  Time since last request: 276.570785 seconds.
  path: Assets/MainMenuBehaviour.cs
  artifactKey: Guid(e0f81f55446ff214698e8e895a180a05) Importer(815301076,1909f56bfc062723c751e8b465ee728b)
Start importing Assets/MainMenuBehaviour.cs using Guid(e0f81f55446ff214698e8e895a180a05) Importer(815301076,1909f56bfc062723c751e8b465ee728b)  -> (artifact id: 'bcd100401252518d1550734bf4c50eef') in 0.005338 seconds
  Import took 0.009100 seconds .

========================================================================
Received Import Request.
  Time since last request: 499.422564 seconds.
  path: Assets/Gameplay.unity
  artifactKey: Guid(c9967d38182e7da4fadd5c330c7c5b08) Importer(815301076,1909f56bfc062723c751e8b465ee728b)
Start importing Assets/Gameplay.unity using Guid(c9967d38182e7da4fadd5c330c7c5b08) Importer(815301076,1909f56bfc062723c751e8b465ee728b)  -> (artifact id: 'f3cdab9c3d535987d36baa1ee9c8cc95') in 0.016891 seconds
  Import took 0.021638 seconds .

========================================================================
Received Import Request.
  Time since last request: 0.002515 seconds.
  path: Assets/Gameplay.unity
  artifactKey: Guid(c9967d38182e7da4fadd5c330c7c5b08) Importer(815301076,1909f56bfc062723c751e8b465ee728b)
Start importing Assets/Gameplay.unity using Guid(c9967d38182e7da4fadd5c330c7c5b08) Importer(815301076,1909f56bfc062723c751e8b465ee728b)  -> (artifact id: 'f3cdab9c3d535987d36baa1ee9c8cc95') in 0.004302 seconds
  Import took 0.008717 seconds .

========================================================================
Received Prepare
Registering precompiled user dll's ...
Registered in 0.001457 seconds.
Begin MonoManager ReloadAssembly
Native extension for WindowsStandalone target not found
Refreshing native plugins compatible for Editor in 0.37 ms, found 0 plugins.
Preloading 0 native plugins for Editor in 0.00 ms.
Invoked RoslynAnalysisRunner static constructor.
RoslynAnalysisRunner will not be running.
RoslynAnalysisRunner has terminated.
Mono: successfully reloaded assembly
- Completed reload, in  0.861 seconds
Platform modules already initialized, skipping
Shader 'Universal Render Pipeline/Particles/Lit': fallback shader 'Universal Render Pipeline/Particles/SimpleLit' not found
Shader 'Universal Render Pipeline/Particles/Lit': fallback shader 'Universal Render Pipeline/Particles/SimpleLit' not found
Refreshing native plugins compatible for Editor in 0.47 ms, found 0 plugins.
Preloading 0 native plugins for Editor in 0.00 ms.
Unloading 2334 Unused Serialized files (Serialized files now loaded: 0)
System memory in use before: 107.6 MB.
System memory in use after: 105.3 MB.

Unloading 40 unused Assets to reduce memory usage. Loaded Objects now: 2822.
Total: 4.862800 ms (FindLiveObjects: 0.421200 ms CreateObjectMapping: 0.190500 ms MarkObjects: 2.736700 ms  DeleteObjects: 1.512800 ms)

========================================================================
Received Import Request.
  Time since last request: 1440.029348 seconds.
  path: Assets/PauseScreenBehaviour.cs
  artifactKey: Guid(cfb7c18e1709ab6478daa0b2a058471e) Importer(815301076,1909f56bfc062723c751e8b465ee728b)
Start importing Assets/PauseScreenBehaviour.cs using Guid(cfb7c18e1709ab6478daa0b2a058471e) Importer(815301076,1909f56bfc062723c751e8b465ee728b)  -> (artifact id: 'b47b7ed3e5705435244a15dfc69f6c26') in 0.009061 seconds
  Import took 0.099215 seconds .

========================================================================
Received Prepare
Registering precompiled user dll's ...
Registered in 0.001439 seconds.
Begin MonoManager ReloadAssembly
Native extension for WindowsStandalone target not found
Refreshing native plugins compatible for Editor in 0.37 ms, found 0 plugins.
Preloading 0 native plugins for Editor in 0.00 ms.
Invoked RoslynAnalysisRunner static constructor.
RoslynAnalysisRunner will not be running.
RoslynAnalysisRunner has terminated.
Mono: successfully reloaded assembly
- Completed reload, in  0.892 seconds
Platform modules already initialized, skipping
Shader 'Universal Render Pipeline/Particles/Lit': fallback shader 'Universal Render Pipeline/Particles/SimpleLit' not found
Shader 'Universal Render Pipeline/Particles/Lit': fallback shader 'Universal Render Pipeline/Particles/SimpleLit' not found
Refreshing native plugins compatible for Editor in 0.38 ms, found 0 plugins.
Preloading 0 native plugins for Editor in 0.00 ms.
Unloading 2334 Unused Serialized files (Serialized files now loaded: 0)
System memory in use before: 107.4 MB.
System memory in use after: 105.3 MB.

Unloading 40 unused Assets to reduce memory usage. Loaded Objects now: 2824.
Total: 3.327200 ms (FindLiveObjects: 0.243400 ms CreateObjectMapping: 0.127500 ms MarkObjects: 1.642600 ms  DeleteObjects: 1.312600 ms)

========================================================================
Received Import Request.
  Time since last request: 77.415412 seconds.
  path: Assets/PauseScreenBehaviour.cs
  artifactKey: Guid(cfb7c18e1709ab6478daa0b2a058471e) Importer(815301076,1909f56bfc062723c751e8b465ee728b)
Start importing Assets/PauseScreenBehaviour.cs using Guid(cfb7c18e1709ab6478daa0b2a058471e) Importer(815301076,1909f56bfc062723c751e8b465ee728b)  -> (artifact id: 'c43d0afe288d9b9c1a40af2f6db7a2c0') in 0.005347 seconds
  Import took 0.111104 seconds .

========================================================================
Received Import Request.
  Time since last request: 273.780482 seconds.
  path: Assets/Scripts
  artifactKey: Guid(02a3527b6b33a924e8ec66aa805ea717) Importer(815301076,1909f56bfc062723c751e8b465ee728b)
Start importing Assets/Scripts using Guid(02a3527b6b33a924e8ec66aa805ea717) Importer(815301076,1909f56bfc062723c751e8b465ee728b)  -> (artifact id: '7a07e51432521d720cf3259dfa26f9c0') in 0.008486 seconds
  Import took 0.016262 seconds .

========================================================================
Received Import Request.
  Time since last request: 1.095490 seconds.
  path: Assets/Scripts/SimpleCameraController.cs
  artifactKey: Guid(be76e5f14cfee674cb30b491fb72b09b) Importer(815301076,1909f56bfc062723c751e8b465ee728b)
Start importing Assets/Scripts/SimpleCameraController.cs using Guid(be76e5f14cfee674cb30b491fb72b09b) Importer(815301076,1909f56bfc062723c751e8b465ee728b)  -> (artifact id: '1ef3096b168cf1068515bd7cfb3dadb3') in 0.118489 seconds
  Import took 0.305512 seconds .

========================================================================
Received Prepare
Registering precompiled user dll's ...
Registered in 0.001554 seconds.
Begin MonoManager ReloadAssembly
Native extension for WindowsStandalone target not found
Refreshing native plugins compatible for Editor in 0.37 ms, found 0 plugins.
Preloading 0 native plugins for Editor in 0.00 ms.
Invoked RoslynAnalysisRunner static constructor.
RoslynAnalysisRunner will not be running.
RoslynAnalysisRunner has terminated.
Mono: successfully reloaded assembly
- Completed reload, in  0.906 seconds
Platform modules already initialized, skipping
Shader 'Universal Render Pipeline/Particles/Lit': fallback shader 'Universal Render Pipeline/Particles/SimpleLit' not found
Shader 'Universal Render Pipeline/Particles/Lit': fallback shader 'Universal Render Pipeline/Particles/SimpleLit' not found
Refreshing native plugins compatible for Editor in 0.68 ms, found 0 plugins.
Preloading 0 native plugins for Editor in 0.00 ms.
Unloading 2334 Unused Serialized files (Serialized files now loaded: 0)
System memory in use before: 107.6 MB.
System memory in use after: 105.4 MB.

Unloading 40 unused Assets to reduce memory usage. Loaded Objects now: 2826.
Total: 4.165700 ms (FindLiveObjects: 0.309900 ms CreateObjectMapping: 0.120500 ms MarkObjects: 1.909000 ms  DeleteObjects: 1.825300 ms)

========================================================================
Received Import Request.
  Time since last request: 41.370529 seconds.
  path: Assets/Scripts/SimpleCameraController.cs
  artifactKey: Guid(be76e5f14cfee674cb30b491fb72b09b) Importer(815301076,1909f56bfc062723c751e8b465ee728b)
Start importing Assets/Scripts/SimpleCameraController.cs using Guid(be76e5f14cfee674cb30b491fb72b09b) Importer(815301076,1909f56bfc062723c751e8b465ee728b)  -> (artifact id: '11983dee46a26f545eeb9ca4f08b42d9') in 0.005450 seconds
  Import took 0.009498 seconds .

========================================================================
Received Import Request.
  Time since last request: 216.757283 seconds.
  path: Assets/Scripts/SimpleCameraController.cs
  artifactKey: Guid(be76e5f14cfee674cb30b491fb72b09b) Importer(815301076,1909f56bfc062723c751e8b465ee728b)
Start importing Assets/Scripts/SimpleCameraController.cs using Guid(be76e5f14cfee674cb30b491fb72b09b) Importer(815301076,1909f56bfc062723c751e8b465ee728b)  -> (artifact id: 'b5d7e673d107f8a5ea94c8f784fab698') in 0.003009 seconds
  Import took 0.028923 seconds .

========================================================================
Received Prepare
Registering precompiled user dll's ...
Registered in 0.001499 seconds.
Begin MonoManager ReloadAssembly
Native extension for WindowsStandalone target not found
Refreshing native plugins compatible for Editor in 0.36 ms, found 0 plugins.
Preloading 0 native plugins for Editor in 0.00 ms.
Invoked RoslynAnalysisRunner static constructor.
RoslynAnalysisRunner will not be running.
RoslynAnalysisRunner has terminated.
Mono: successfully reloaded assembly
- Completed reload, in  0.863 seconds
Platform modules already initialized, skipping
Shader 'Universal Render Pipeline/Particles/Lit': fallback shader 'Universal Render Pipeline/Particles/SimpleLit' not found
Shader 'Universal Render Pipeline/Particles/Lit': fallback shader 'Universal Render Pipeline/Particles/SimpleLit' not found
Refreshing native plugins compatible for Editor in 0.36 ms, found 0 plugins.
Preloading 0 native plugins for Editor in 0.00 ms.
Unloading 2334 Unused Serialized files (Serialized files now loaded: 0)
System memory in use before: 107.6 MB.
System memory in use after: 105.4 MB.

Unloading 40 unused Assets to reduce memory usage. Loaded Objects now: 2828.
Total: 3.828300 ms (FindLiveObjects: 0.445900 ms CreateObjectMapping: 0.236500 ms MarkObjects: 1.820700 ms  DeleteObjects: 1.324400 ms)

========================================================================
Received Prepare
Registering precompiled user dll's ...
Registered in 0.001499 seconds.
Begin MonoManager ReloadAssembly
Native extension for WindowsStandalone target not found
Refreshing native plugins compatible for Editor in 0.37 ms, found 0 plugins.
Preloading 0 native plugins for Editor in 0.00 ms.
Invoked RoslynAnalysisRunner static constructor.
RoslynAnalysisRunner will not be running.
RoslynAnalysisRunner has terminated.
Mono: successfully reloaded assembly
- Completed reload, in  0.839 seconds
Platform modules already initialized, skipping
Shader 'Universal Render Pipeline/Particles/Lit': fallback shader 'Universal Render Pipeline/Particles/SimpleLit' not found
Shader 'Universal Render Pipeline/Particles/Lit': fallback shader 'Universal Render Pipeline/Particles/SimpleLit' not found
Refreshing native plugins compatible for Editor in 0.39 ms, found 0 plugins.
Preloading 0 native plugins for Editor in 0.00 ms.
Unloading 2334 Unused Serialized files (Serialized files now loaded: 0)
System memory in use before: 107.6 MB.
System memory in use after: 105.4 MB.

Unloading 40 unused Assets to reduce memory usage. Loaded Objects now: 2830.
Total: 3.439800 ms (FindLiveObjects: 0.252600 ms CreateObjectMapping: 0.130000 ms MarkObjects: 1.708100 ms  DeleteObjects: 1.348000 ms)

========================================================================
Received Import Request.
  Time since last request: 428.693079 seconds.
  path: Assets/PauseScreenBehaviour.cs
  artifactKey: Guid(cfb7c18e1709ab6478daa0b2a058471e) Importer(815301076,1909f56bfc062723c751e8b465ee728b)
Start importing Assets/PauseScreenBehaviour.cs using Guid(cfb7c18e1709ab6478daa0b2a058471e) Importer(815301076,1909f56bfc062723c751e8b465ee728b)  -> (artifact id: '1d19c3d55ab092b948089c7188c4e395') in 0.005150 seconds
  Import took 0.100529 seconds .

========================================================================
Received Prepare
Registering precompiled user dll's ...
Registered in 0.001467 seconds.
Begin MonoManager ReloadAssembly
Native extension for WindowsStandalone target not found
Refreshing native plugins compatible for Editor in 0.50 ms, found 0 plugins.
Preloading 0 native plugins for Editor in 0.00 ms.
Invoked RoslynAnalysisRunner static constructor.
RoslynAnalysisRunner will not be running.
RoslynAnalysisRunner has terminated.
Mono: successfully reloaded assembly
- Completed reload, in  0.956 seconds
Platform modules already initialized, skipping
Shader 'Universal Render Pipeline/Particles/Lit': fallback shader 'Universal Render Pipeline/Particles/SimpleLit' not found
Shader 'Universal Render Pipeline/Particles/Lit': fallback shader 'Universal Render Pipeline/Particles/SimpleLit' not found
Refreshing native plugins compatible for Editor in 0.95 ms, found 0 plugins.
Preloading 0 native plugins for Editor in 0.00 ms.
Unloading 2334 Unused Serialized files (Serialized files now loaded: 0)
System memory in use before: 107.6 MB.
System memory in use after: 105.4 MB.

Unloading 40 unused Assets to reduce memory usage. Loaded Objects now: 2832.
Total: 5.542800 ms (FindLiveObjects: 0.875300 ms CreateObjectMapping: 0.441800 ms MarkObjects: 2.878100 ms  DeleteObjects: 1.342500 ms)

========================================================================
Received Import Request.
  Time since last request: 113.734239 seconds.
  path: Assets/MainMenu.unity
  artifactKey: Guid(efd8579de09f84b46984a5b298612981) Importer(815301076,1909f56bfc062723c751e8b465ee728b)
Start importing Assets/MainMenu.unity using Guid(efd8579de09f84b46984a5b298612981) Importer(815301076,1909f56bfc062723c751e8b465ee728b)  -> (artifact id: '000261719445280daee128db6bb147c9') in 0.018259 seconds
  Import took 0.022094 seconds .

========================================================================
Received Import Request.
  Time since last request: 74.440109 seconds.
  path: Assets/UISafeAreaHandler.cs
  artifactKey: Guid(70f129a76f389234f930fe268189a3bf) Importer(815301076,1909f56bfc062723c751e8b465ee728b)
Start importing Assets/UISafeAreaHandler.cs using Guid(70f129a76f389234f930fe268189a3bf) Importer(815301076,1909f56bfc062723c751e8b465ee728b)  -> (artifact id: 'e404d1804c11fee082a534f01b69c258') in 0.008639 seconds
  Import took 0.012367 seconds .

========================================================================
Received Prepare
Registering precompiled user dll's ...
Registered in 0.001805 seconds.
Begin MonoManager ReloadAssembly
Native extension for WindowsStandalone target not found
Refreshing native plugins compatible for Editor in 0.37 ms, found 0 plugins.
Preloading 0 native plugins for Editor in 0.00 ms.
Invoked RoslynAnalysisRunner static constructor.
RoslynAnalysisRunner will not be running.
RoslynAnalysisRunner has terminated.
Mono: successfully reloaded assembly
- Completed reload, in  0.854 seconds
Platform modules already initialized, skipping
Shader 'Universal Render Pipeline/Particles/Lit': fallback shader 'Universal Render Pipeline/Particles/SimpleLit' not found
Shader 'Universal Render Pipeline/Particles/Lit': fallback shader 'Universal Render Pipeline/Particles/SimpleLit' not found
Refreshing native plugins compatible for Editor in 0.44 ms, found 0 plugins.
Preloading 0 native plugins for Editor in 0.00 ms.
Unloading 2335 Unused Serialized files (Serialized files now loaded: 0)
System memory in use before: 107.5 MB.
System memory in use after: 105.3 MB.

Unloading 40 unused Assets to reduce memory usage. Loaded Objects now: 2835.
Total: 3.567400 ms (FindLiveObjects: 0.228300 ms CreateObjectMapping: 0.107000 ms MarkObjects: 1.849300 ms  DeleteObjects: 1.381800 ms)

========================================================================
Received Prepare
Registering precompiled user dll's ...
Registered in 0.001434 seconds.
Begin MonoManager ReloadAssembly
Native extension for WindowsStandalone target not found
Refreshing native plugins compatible for Editor in 0.37 ms, found 0 plugins.
Preloading 0 native plugins for Editor in 0.00 ms.
Invoked RoslynAnalysisRunner static constructor.
RoslynAnalysisRunner will not be running.
RoslynAnalysisRunner has terminated.
Mono: successfully reloaded assembly
- Completed reload, in  0.854 seconds
Platform modules already initialized, skipping
Shader 'Universal Render Pipeline/Particles/Lit': fallback shader 'Universal Render Pipeline/Particles/SimpleLit' not found
Shader 'Universal Render Pipeline/Particles/Lit': fallback shader 'Universal Render Pipeline/Particles/SimpleLit' not found
Refreshing native plugins compatible for Editor in 0.38 ms, found 0 plugins.
Preloading 0 native plugins for Editor in 0.00 ms.
Unloading 2335 Unused Serialized files (Serialized files now loaded: 0)
System memory in use before: 107.6 MB.
System memory in use after: 105.4 MB.

Unloading 40 unused Assets to reduce memory usage. Loaded Objects now: 2837.
Total: 3.447900 ms (FindLiveObjects: 0.320200 ms CreateObjectMapping: 0.179400 ms MarkObjects: 1.607900 ms  DeleteObjects: 1.339500 ms)

========================================================================
Received Import Request.
  Time since last request: 36.604720 seconds.
  path: Assets/UISafeAreaHandler.cs
  artifactKey: Guid(70f129a76f389234f930fe268189a3bf) Importer(815301076,1909f56bfc062723c751e8b465ee728b)
Start importing Assets/UISafeAreaHandler.cs using Guid(70f129a76f389234f930fe268189a3bf) Importer(815301076,1909f56bfc062723c751e8b465ee728b)  -> (artifact id: '27b757f234276d002fbedb50d99d221c') in 0.005143 seconds
  Import took 0.108447 seconds .

========================================================================
Received Prepare
Registering precompiled user dll's ...
Registered in 0.001483 seconds.
Begin MonoManager ReloadAssembly
Native extension for WindowsStandalone target not found
Refreshing native plugins compatible for Editor in 0.42 ms, found 0 plugins.
Preloading 0 native plugins for Editor in 0.00 ms.
Invoked RoslynAnalysisRunner static constructor.
RoslynAnalysisRunner will not be running.
RoslynAnalysisRunner has terminated.
Mono: successfully reloaded assembly
- Completed reload, in  0.835 seconds
Platform modules already initialized, skipping
Shader 'Universal Render Pipeline/Particles/Lit': fallback shader 'Universal Render Pipeline/Particles/SimpleLit' not found
Shader 'Universal Render Pipeline/Particles/Lit': fallback shader 'Universal Render Pipeline/Particles/SimpleLit' not found
Refreshing native plugins compatible for Editor in 0.40 ms, found 0 plugins.
Preloading 0 native plugins for Editor in 0.00 ms.
Unloading 2335 Unused Serialized files (Serialized files now loaded: 0)
System memory in use before: 107.6 MB.
System memory in use after: 105.4 MB.

Unloading 40 unused Assets to reduce memory usage. Loaded Objects now: 2839.
Total: 4.007500 ms (FindLiveObjects: 0.255000 ms CreateObjectMapping: 0.128800 ms MarkObjects: 2.050700 ms  DeleteObjects: 1.571800 ms)

========================================================================
Received Import Request.
  Time since last request: 284.499937 seconds.
  path: Assets/Gameplay.unity
  artifactKey: Guid(c9967d38182e7da4fadd5c330c7c5b08) Importer(815301076,1909f56bfc062723c751e8b465ee728b)
Start importing Assets/Gameplay.unity using Guid(c9967d38182e7da4fadd5c330c7c5b08) Importer(815301076,1909f56bfc062723c751e8b465ee728b)  -> (artifact id: 'c4a57a6c39c43fa53840655cea1d8a7a') in 0.013747 seconds
  Import took 0.017574 seconds .

AssetImportWorkerClient::OnTransportError - code=2 error=End of file
